#
# A fatal error has been detected by the Java Runtime Environment:
#
#  SIGFPE (0x8) at pc=0x000000011813b548, pid=2034, tid=7171
#
# JRE version: OpenJDK Runtime Environment AdoptOpenJDK (11.0.10+9) (build 11.0.10+9)
# Java VM: OpenJDK 64-Bit Server VM AdoptOpenJDK (11.0.10+9, mixed mode, tiered, compressed oops, g1 gc, bsd-amd64)
# Problematic frame:
# j  TestThree.solution([II)I+0
#
# No core dump will be written. Core dumps have been disabled. To enable core dumping, try "ulimit -c unlimited" before starting Java again
#
# If you would like to submit a bug report, please visit:
#   https://github.com/AdoptOpenJDK/openjdk-support/issues
#

---------------  S U M M A R Y ------------

Command Line: -Dfile.encoding=UTF-8 Toptal

Host: MacBookAir10,1 x86_64 2400 MHz, 8 cores, 8G, Darwin 20.3.0
Time: Sun Apr 18 06:56:42 2021 +03 elapsed time: 0.106726 seconds (0d 0h 0m 0s)

---------------  T H R E A D  ---------------

Current thread (0x00007f94f200e800):  JavaThread "main" [_thread_in_Java, id=7171, stack(0x0000000306049000,0x0000000306149000)]

Stack: [0x0000000306049000,0x0000000306149000],  sp=0x0000000306148990,  free space=1022k
Native frames: (J=compiled Java code, A=aot compiled Java code, j=interpreted, Vv=VM code, C=native code)
j  TestThree.solution([II)I+0
j  Toptal.testThree()V+29
j  Toptal.main([Ljava/lang/String;)V+0
v  ~StubRoutines::call_stub
V  [libjvm.dylib+0x3b0b2c]  _ZN9JavaCalls11call_helperEP9JavaValueRK12methodHandleP17JavaCallArgumentsP6Thread+0x21a
V  [libjvm.dylib+0x3f5982]  _ZL17jni_invoke_staticP7JNIEnv_P9JavaValueP8_jobject11JNICallTypeP10_jmethodIDP18JNI_ArgumentPusherP6Thread+0x10a
V  [libjvm.dylib+0x3f9172]  jni_CallStaticVoidMethod+0x1d2
C  [libjli.dylib+0x4b29]  JavaMain+0xab0
C  [libsystem_pthread.dylib+0x6950]  _pthread_start+0xe0
C  [libsystem_pthread.dylib+0x247b]  thread_start+0xf


siginfo: si_signo: 8 (SIGFPE), si_code: 5 (FPE_FLTINV), si_addr: 0x000000011813b548

Register to memory mapping:

RAX=0x0000000000000002 is an unknown value
RBX=0x000000000000006c is an unknown value
RCX=0x0 is NULL
RDX=0x0 is NULL
RSP=0x0000000306148990 is pointing into the stack for thread: 0x00007f94f200e800
RBP=0x00000003061489d8 is pointing into the stack for thread: 0x00007f94f200e800
RSI=0x0 is NULL
RDI=0x00007f94f200e800 is a thread
R8 =0x0000000000005161 is an unknown value
R9 =0x0000000000005170 is an unknown value
R10=0x000000010e1d4c20: _ZN19TemplateInterpreter13_active_tableE+0x2000 in /Library/Java/JavaVirtualMachines/adoptopenjdk-11.jdk/Contents/Home/lib/server/libjvm.dylib at 0x000000010d800000
R11=0x0 is NULL
R12=0x0 is NULL
R13=0x000000012e127db4 is pointing into metadata
R14=0x0000000306148a28 is pointing into the stack for thread: 0x00007f94f200e800
R15=0x00007f94f200e800 is a thread


Registers:
RAX=0x0000000000000002, RBX=0x000000000000006c, RCX=0x0000000000000000, RDX=0x0000000000000000
RSP=0x0000000306148990, RBP=0x00000003061489d8, RSI=0x0000000000000000, RDI=0x00007f94f200e800
R8 =0x0000000000005161, R9 =0x0000000000005170, R10=0x000000010e1d4c20, R11=0x0000000000000000
R12=0x0000000000000000, R13=0x000000012e127db4, R14=0x0000000306148a28, R15=0x00007f94f200e800
RIP=0x000000011813b548, EFLAGS=0x0000000000000a83, ERR=0x0000000000000000
  TRAPNO=0x0000000000000000

Top of Stack: (sp=0x0000000306148990)
0x0000000306148990:   0000000306148990 000000012e127d90
0x00000003061489a0:   0000000306148a28 000000012e127ee8
0x00000003061489b0:   0000000000000000 0000000787e1e6e0
0x00000003061489c0:   000000012e127e70 0000000000000000
0x00000003061489d0:   0000000306148a18 0000000306148a78
0x00000003061489e0:   0000000118130980 0000000000000000
0x00000003061489f0:   0000000000000000 0000000000000002
0x0000000306148a00:   0000000000000001 0000000000000000
0x0000000306148a10:   0000000000000000 0000000000000002
0x0000000306148a20:   0000000787e1e7a8 0000000787e1e798
0x0000000306148a30:   0000000306148a30 000000012e1277d5
0x0000000306148a40:   0000000306148a98 000000012e127860
0x0000000306148a50:   0000000000000000 0000000787e1ca58
0x0000000306148a60:   000000012e127808 0000000306148a18
0x0000000306148a70:   0000000306148aa0 0000000306148ae8
0x0000000306148a80:   0000000118130f67 0000000000000002
0x0000000306148a90:   0000000787e1e7a8 0000000787e1e798
0x0000000306148aa0:   0000000306148aa0 000000012e127508
0x0000000306148ab0:   0000000306148af8 000000012e127860
0x0000000306148ac0:   0000000000000000 0000000787e1ca58
0x0000000306148ad0:   000000012e127520 0000000306148aa0
0x0000000306148ae0:   0000000306148af8 0000000306148b60
0x0000000306148af0:   0000000118127bc7 0000000787e1d380
0x0000000306148b00:   0000000300001fa0 0000000306148ce0
0x0000000306148b10:   0000000306148e98 000000012e127520
0x0000000306148b20:   00007f94f200e800 0000000000000001
0x0000000306148b30:   0000000306148bc0 0000000306148ea0
0x0000000306148b40:   000000030000000a 000000012e127520
0x0000000306148b50:   0000000118135180 0000000306148ce8
0x0000000306148b60:   0000000306148c50 000000010dbb0b2c
0x0000000306148b70:   0000000000000001 00007f94f200e800
0x0000000306148b80:   0000000000000000 00007f94f200e800 

Instructions: (pc=0x000000011813b548)
0x000000011813b448:   b0 1e ff 0d 01 00 00 00 6a 00 00 00 00 00 00 00
0x000000011813b458:   00 00 00 00 00 00 00 00 f3 0f 10 04 24 48 83 c4
0x000000011813b468:   08 f3 0f 59 04 24 48 83 c4 08 41 0f b6 5d 01 49
0x000000011813b478:   ff c5 49 ba 20 5c 1d 0e 01 00 00 00 41 ff 24 da
0x000000011813b488:   00 00 00 00 00 00 00 00 00 00 00 00 00 00 00 00
0x000000011813b498:   00 00 00 00 00 00 00 00 60 00 00 00 00 00 00 00
0x000000011813b4a8:   b5 1e ff 0d 01 00 00 00 6b 00 00 00 00 00 00 00
0x000000011813b4b8:   00 00 00 00 00 00 00 00 f2 0f 10 04 24 48 83 c4
0x000000011813b4c8:   10 f2 0f 59 04 24 48 83 c4 10 41 0f b6 5d 01 49
0x000000011813b4d8:   ff c5 49 ba 20 64 1d 0e 01 00 00 00 41 ff 24 da
0x000000011813b4e8:   00 00 00 00 00 00 00 00 00 00 00 00 00 00 00 00
0x000000011813b4f8:   00 00 00 00 00 00 00 00 60 00 00 00 00 00 00 00
0x000000011813b508:   ba 1e ff 0d 01 00 00 00 6c 00 00 00 00 00 00 00
0x000000011813b518:   00 00 00 00 00 00 00 00 8b 04 24 48 83 c4 08 8b
0x000000011813b528:   c8 8b 04 24 48 83 c4 08 81 f8 00 00 00 80 0f 85
0x000000011813b538:   0b 00 00 00 33 d2 83 f9 ff 0f 84 03 00 00 00 99
0x000000011813b548:   f7 f9 41 0f b6 5d 01 49 ff c5 49 ba 20 4c 1d 0e
0x000000011813b558:   01 00 00 00 41 ff 24 da 80 00 00 00 00 00 00 00
0x000000011813b568:   bf 1e ff 0d 01 00 00 00 6d 00 00 00 00 00 00 00
0x000000011813b578:   00 00 00 00 00 00 00 00 48 8b 04 24 48 83 c4 10
0x000000011813b588:   48 8b c8 48 8b 04 24 48 83 c4 10 48 85 c9 0f 84
0x000000011813b598:   d3 98 ff ff 48 3b 05 8d 35 f3 f5 0f 85 0c 00 00
0x000000011813b5a8:   00 33 d2 48 83 f9 ff 0f 84 05 00 00 00 48 99 48
0x000000011813b5b8:   f7 f9 41 0f b6 5d 01 49 ff c5 49 ba 20 54 1d 0e
0x000000011813b5c8:   01 00 00 00 41 ff 24 da 00 00 00 00 00 00 00 00
0x000000011813b5d8:   00 00 00 00 00 00 00 00 60 00 00 00 00 00 00 00
0x000000011813b5e8:   c4 1e ff 0d 01 00 00 00 6e 00 00 00 00 00 00 00
0x000000011813b5f8:   00 00 00 00 00 00 00 00 f3 0f 10 04 24 48 83 c4
0x000000011813b608:   08 0f 28 c8 f3 0f 10 04 24 48 83 c4 08 f3 0f 5e
0x000000011813b618:   c1 41 0f b6 5d 01 49 ff c5 49 ba 20 5c 1d 0e 01
0x000000011813b628:   00 00 00 41 ff 24 da 90 00 00 00 00 00 00 00 00
0x000000011813b638:   00 00 00 00 00 00 00 00 60 00 00 00 00 00 00 00 


Stack slot to memory mapping:
stack at sp + 0 slots: 0x0000000306148990 is pointing into the stack for thread: 0x00007f94f200e800
stack at sp + 1 slots: 0x000000012e127d90 is pointing into metadata
stack at sp + 2 slots: 0x0000000306148a28 is pointing into the stack for thread: 0x00007f94f200e800
stack at sp + 3 slots: 0x000000012e127ee8 is pointing into metadata
stack at sp + 4 slots: 0x0 is NULL
stack at sp + 5 slots: 0x0000000787e1e6e0 is an oop: java.lang.Class 
{0x0000000787e1e6e0} - klass: 'java/lang/Class'
stack at sp + 6 slots: {method} {0x000000012e127e70} 'solution' '([II)I' in 'TestThree'
stack at sp + 7 slots: 0x0 is NULL

idiv  108 idiv  [0x000000011813b520, 0x000000011813b560]  64 bytes

---------------  P R O C E S S  ---------------

Threads class SMR info:
_java_thread_list=0x00007f94f141fce0, length=9, elements={
0x00007f94f200e800, 0x00007f94f209a800, 0x00007f94f209f800, 0x00007f94f286c800,
0x00007f94f20a9800, 0x00007f94f20aa800, 0x00007f94f20ab800, 0x00007f94f20ac000,
0x00007f94f185b800
}

Java Threads: ( => current thread )
=>0x00007f94f200e800 JavaThread "main" [_thread_in_Java, id=7171, stack(0x0000000306049000,0x0000000306149000)]
  0x00007f94f209a800 JavaThread "Reference Handler" daemon [_thread_blocked, id=16131, stack(0x000000030675e000,0x000000030685e000)]
  0x00007f94f209f800 JavaThread "Finalizer" daemon [_thread_blocked, id=16899, stack(0x0000000306861000,0x0000000306961000)]
  0x00007f94f286c800 JavaThread "Signal Dispatcher" daemon [_thread_blocked, id=24067, stack(0x0000000306a73000,0x0000000306b73000)]
  0x00007f94f20a9800 JavaThread "Service Thread" daemon [_thread_blocked, id=24835, stack(0x0000000306b76000,0x0000000306c76000)]
  0x00007f94f20aa800 JavaThread "C2 CompilerThread0" daemon [_thread_blocked, id=25347, stack(0x0000000306c79000,0x0000000306d79000)]
  0x00007f94f20ab800 JavaThread "C1 CompilerThread0" daemon [_thread_blocked, id=40451, stack(0x0000000306d7c000,0x0000000306e7c000)]
  0x00007f94f20ac000 JavaThread "Sweeper thread" daemon [_thread_blocked, id=26115, stack(0x0000000306e7f000,0x0000000306f7f000)]
  0x00007f94f185b800 JavaThread "Common-Cleaner" daemon [_thread_blocked, id=27395, stack(0x0000000307085000,0x0000000307185000)]

Other Threads:
  0x00007f94e180a800 VMThread "VM Thread" [stack: 0x000000030665b000,0x000000030675b000] [id=15363]
  0x00007f94f184f000 WatcherThread [stack: 0x0000000306f82000,0x0000000307082000] [id=26931]
  0x00007f94f2818800 GCTaskThread "GC Thread#0" [stack: 0x000000030614c000,0x000000030624c000] [id=19459]
  0x00007f94f2037800 ConcurrentGCThread "G1 Main Marker" [stack: 0x000000030624f000,0x000000030634f000] [id=19203]
  0x00007f94f2038800 ConcurrentGCThread "G1 Conc#0" [stack: 0x0000000306352000,0x0000000306452000] [id=13827]
  0x00007f94f2099000 ConcurrentGCThread "G1 Refine#0" [stack: 0x0000000306455000,0x0000000306555000] [id=14083]
  0x00007f94f209a000 ConcurrentGCThread "G1 Young RemSet Sampling" [stack: 0x0000000306558000,0x0000000306658000] [id=18435]

Threads with active compile tasks:

VM state:not at safepoint (normal execution)

VM Mutex/Monitor currently owned by a thread: None

Heap address: 0x0000000780000000, size: 2048 MB, Compressed Oops mode: Zero based, Oop shift amount: 3
Narrow klass base: 0x0000000800000000, Narrow klass shift: 0
Compressed class space size: 1073741824 Address: 0x0000000800000000

Heap:
 garbage-first heap   total 131072K, used 1024K [0x0000000780000000, 0x0000000800000000)
  region size 1024K, 2 young (2048K), 0 survivors (0K)
 Metaspace       used 3551K, capacity 4490K, committed 4864K, reserved 1056768K
  class space    used 312K, capacity 386K, committed 512K, reserved 1048576K
Heap Regions: E=young(eden), S=young(survivor), O=old, HS=humongous(starts), HC=humongous(continues), CS=collection set, F=free, A=archive, TAMS=top-at-mark-start (previous, next)
|   0|0x0000000780000000, 0x0000000780000000, 0x0000000780100000|  0%| F|  |TAMS 0x0000000780000000, 0x0000000780000000| Untracked 
|   1|0x0000000780100000, 0x0000000780100000, 0x0000000780200000|  0%| F|  |TAMS 0x0000000780100000, 0x0000000780100000| Untracked 
|   2|0x0000000780200000, 0x0000000780200000, 0x0000000780300000|  0%| F|  |TAMS 0x0000000780200000, 0x0000000780200000| Untracked 
|   3|0x0000000780300000, 0x0000000780300000, 0x0000000780400000|  0%| F|  |TAMS 0x0000000780300000, 0x0000000780300000| Untracked 
|   4|0x0000000780400000, 0x0000000780400000, 0x0000000780500000|  0%| F|  |TAMS 0x0000000780400000, 0x0000000780400000| Untracked 
|   5|0x0000000780500000, 0x0000000780500000, 0x0000000780600000|  0%| F|  |TAMS 0x0000000780500000, 0x0000000780500000| Untracked 
|   6|0x0000000780600000, 0x0000000780600000, 0x0000000780700000|  0%| F|  |TAMS 0x0000000780600000, 0x0000000780600000| Untracked 
|   7|0x0000000780700000, 0x0000000780700000, 0x0000000780800000|  0%| F|  |TAMS 0x0000000780700000, 0x0000000780700000| Untracked 
|   8|0x0000000780800000, 0x0000000780800000, 0x0000000780900000|  0%| F|  |TAMS 0x0000000780800000, 0x0000000780800000| Untracked 
|   9|0x0000000780900000, 0x0000000780900000, 0x0000000780a00000|  0%| F|  |TAMS 0x0000000780900000, 0x0000000780900000| Untracked 
|  10|0x0000000780a00000, 0x0000000780a00000, 0x0000000780b00000|  0%| F|  |TAMS 0x0000000780a00000, 0x0000000780a00000| Untracked 
|  11|0x0000000780b00000, 0x0000000780b00000, 0x0000000780c00000|  0%| F|  |TAMS 0x0000000780b00000, 0x0000000780b00000| Untracked 
|  12|0x0000000780c00000, 0x0000000780c00000, 0x0000000780d00000|  0%| F|  |TAMS 0x0000000780c00000, 0x0000000780c00000| Untracked 
|  13|0x0000000780d00000, 0x0000000780d00000, 0x0000000780e00000|  0%| F|  |TAMS 0x0000000780d00000, 0x0000000780d00000| Untracked 
|  14|0x0000000780e00000, 0x0000000780e00000, 0x0000000780f00000|  0%| F|  |TAMS 0x0000000780e00000, 0x0000000780e00000| Untracked 
|  15|0x0000000780f00000, 0x0000000780f00000, 0x0000000781000000|  0%| F|  |TAMS 0x0000000780f00000, 0x0000000780f00000| Untracked 
|  16|0x0000000781000000, 0x0000000781000000, 0x0000000781100000|  0%| F|  |TAMS 0x0000000781000000, 0x0000000781000000| Untracked 
|  17|0x0000000781100000, 0x0000000781100000, 0x0000000781200000|  0%| F|  |TAMS 0x0000000781100000, 0x0000000781100000| Untracked 
|  18|0x0000000781200000, 0x0000000781200000, 0x0000000781300000|  0%| F|  |TAMS 0x0000000781200000, 0x0000000781200000| Untracked 
|  19|0x0000000781300000, 0x0000000781300000, 0x0000000781400000|  0%| F|  |TAMS 0x0000000781300000, 0x0000000781300000| Untracked 
|  20|0x0000000781400000, 0x0000000781400000, 0x0000000781500000|  0%| F|  |TAMS 0x0000000781400000, 0x0000000781400000| Untracked 
|  21|0x0000000781500000, 0x0000000781500000, 0x0000000781600000|  0%| F|  |TAMS 0x0000000781500000, 0x0000000781500000| Untracked 
|  22|0x0000000781600000, 0x0000000781600000, 0x0000000781700000|  0%| F|  |TAMS 0x0000000781600000, 0x0000000781600000| Untracked 
|  23|0x0000000781700000, 0x0000000781700000, 0x0000000781800000|  0%| F|  |TAMS 0x0000000781700000, 0x0000000781700000| Untracked 
|  24|0x0000000781800000, 0x0000000781800000, 0x0000000781900000|  0%| F|  |TAMS 0x0000000781800000, 0x0000000781800000| Untracked 
|  25|0x0000000781900000, 0x0000000781900000, 0x0000000781a00000|  0%| F|  |TAMS 0x0000000781900000, 0x0000000781900000| Untracked 
|  26|0x0000000781a00000, 0x0000000781a00000, 0x0000000781b00000|  0%| F|  |TAMS 0x0000000781a00000, 0x0000000781a00000| Untracked 
|  27|0x0000000781b00000, 0x0000000781b00000, 0x0000000781c00000|  0%| F|  |TAMS 0x0000000781b00000, 0x0000000781b00000| Untracked 
|  28|0x0000000781c00000, 0x0000000781c00000, 0x0000000781d00000|  0%| F|  |TAMS 0x0000000781c00000, 0x0000000781c00000| Untracked 
|  29|0x0000000781d00000, 0x0000000781d00000, 0x0000000781e00000|  0%| F|  |TAMS 0x0000000781d00000, 0x0000000781d00000| Untracked 
|  30|0x0000000781e00000, 0x0000000781e00000, 0x0000000781f00000|  0%| F|  |TAMS 0x0000000781e00000, 0x0000000781e00000| Untracked 
|  31|0x0000000781f00000, 0x0000000781f00000, 0x0000000782000000|  0%| F|  |TAMS 0x0000000781f00000, 0x0000000781f00000| Untracked 
|  32|0x0000000782000000, 0x0000000782000000, 0x0000000782100000|  0%| F|  |TAMS 0x0000000782000000, 0x0000000782000000| Untracked 
|  33|0x0000000782100000, 0x0000000782100000, 0x0000000782200000|  0%| F|  |TAMS 0x0000000782100000, 0x0000000782100000| Untracked 
|  34|0x0000000782200000, 0x0000000782200000, 0x0000000782300000|  0%| F|  |TAMS 0x0000000782200000, 0x0000000782200000| Untracked 
|  35|0x0000000782300000, 0x0000000782300000, 0x0000000782400000|  0%| F|  |TAMS 0x0000000782300000, 0x0000000782300000| Untracked 
|  36|0x0000000782400000, 0x0000000782400000, 0x0000000782500000|  0%| F|  |TAMS 0x0000000782400000, 0x0000000782400000| Untracked 
|  37|0x0000000782500000, 0x0000000782500000, 0x0000000782600000|  0%| F|  |TAMS 0x0000000782500000, 0x0000000782500000| Untracked 
|  38|0x0000000782600000, 0x0000000782600000, 0x0000000782700000|  0%| F|  |TAMS 0x0000000782600000, 0x0000000782600000| Untracked 
|  39|0x0000000782700000, 0x0000000782700000, 0x0000000782800000|  0%| F|  |TAMS 0x0000000782700000, 0x0000000782700000| Untracked 
|  40|0x0000000782800000, 0x0000000782800000, 0x0000000782900000|  0%| F|  |TAMS 0x0000000782800000, 0x0000000782800000| Untracked 
|  41|0x0000000782900000, 0x0000000782900000, 0x0000000782a00000|  0%| F|  |TAMS 0x0000000782900000, 0x0000000782900000| Untracked 
|  42|0x0000000782a00000, 0x0000000782a00000, 0x0000000782b00000|  0%| F|  |TAMS 0x0000000782a00000, 0x0000000782a00000| Untracked 
|  43|0x0000000782b00000, 0x0000000782b00000, 0x0000000782c00000|  0%| F|  |TAMS 0x0000000782b00000, 0x0000000782b00000| Untracked 
|  44|0x0000000782c00000, 0x0000000782c00000, 0x0000000782d00000|  0%| F|  |TAMS 0x0000000782c00000, 0x0000000782c00000| Untracked 
|  45|0x0000000782d00000, 0x0000000782d00000, 0x0000000782e00000|  0%| F|  |TAMS 0x0000000782d00000, 0x0000000782d00000| Untracked 
|  46|0x0000000782e00000, 0x0000000782e00000, 0x0000000782f00000|  0%| F|  |TAMS 0x0000000782e00000, 0x0000000782e00000| Untracked 
|  47|0x0000000782f00000, 0x0000000782f00000, 0x0000000783000000|  0%| F|  |TAMS 0x0000000782f00000, 0x0000000782f00000| Untracked 
|  48|0x0000000783000000, 0x0000000783000000, 0x0000000783100000|  0%| F|  |TAMS 0x0000000783000000, 0x0000000783000000| Untracked 
|  49|0x0000000783100000, 0x0000000783100000, 0x0000000783200000|  0%| F|  |TAMS 0x0000000783100000, 0x0000000783100000| Untracked 
|  50|0x0000000783200000, 0x0000000783200000, 0x0000000783300000|  0%| F|  |TAMS 0x0000000783200000, 0x0000000783200000| Untracked 
|  51|0x0000000783300000, 0x0000000783300000, 0x0000000783400000|  0%| F|  |TAMS 0x0000000783300000, 0x0000000783300000| Untracked 
|  52|0x0000000783400000, 0x0000000783400000, 0x0000000783500000|  0%| F|  |TAMS 0x0000000783400000, 0x0000000783400000| Untracked 
|  53|0x0000000783500000, 0x0000000783500000, 0x0000000783600000|  0%| F|  |TAMS 0x0000000783500000, 0x0000000783500000| Untracked 
|  54|0x0000000783600000, 0x0000000783600000, 0x0000000783700000|  0%| F|  |TAMS 0x0000000783600000, 0x0000000783600000| Untracked 
|  55|0x0000000783700000, 0x0000000783700000, 0x0000000783800000|  0%| F|  |TAMS 0x0000000783700000, 0x0000000783700000| Untracked 
|  56|0x0000000783800000, 0x0000000783800000, 0x0000000783900000|  0%| F|  |TAMS 0x0000000783800000, 0x0000000783800000| Untracked 
|  57|0x0000000783900000, 0x0000000783900000, 0x0000000783a00000|  0%| F|  |TAMS 0x0000000783900000, 0x0000000783900000| Untracked 
|  58|0x0000000783a00000, 0x0000000783a00000, 0x0000000783b00000|  0%| F|  |TAMS 0x0000000783a00000, 0x0000000783a00000| Untracked 
|  59|0x0000000783b00000, 0x0000000783b00000, 0x0000000783c00000|  0%| F|  |TAMS 0x0000000783b00000, 0x0000000783b00000| Untracked 
|  60|0x0000000783c00000, 0x0000000783c00000, 0x0000000783d00000|  0%| F|  |TAMS 0x0000000783c00000, 0x0000000783c00000| Untracked 
|  61|0x0000000783d00000, 0x0000000783d00000, 0x0000000783e00000|  0%| F|  |TAMS 0x0000000783d00000, 0x0000000783d00000| Untracked 
|  62|0x0000000783e00000, 0x0000000783e00000, 0x0000000783f00000|  0%| F|  |TAMS 0x0000000783e00000, 0x0000000783e00000| Untracked 
|  63|0x0000000783f00000, 0x0000000783f00000, 0x0000000784000000|  0%| F|  |TAMS 0x0000000783f00000, 0x0000000783f00000| Untracked 
|  64|0x0000000784000000, 0x0000000784000000, 0x0000000784100000|  0%| F|  |TAMS 0x0000000784000000, 0x0000000784000000| Untracked 
|  65|0x0000000784100000, 0x0000000784100000, 0x0000000784200000|  0%| F|  |TAMS 0x0000000784100000, 0x0000000784100000| Untracked 
|  66|0x0000000784200000, 0x0000000784200000, 0x0000000784300000|  0%| F|  |TAMS 0x0000000784200000, 0x0000000784200000| Untracked 
|  67|0x0000000784300000, 0x0000000784300000, 0x0000000784400000|  0%| F|  |TAMS 0x0000000784300000, 0x0000000784300000| Untracked 
|  68|0x0000000784400000, 0x0000000784400000, 0x0000000784500000|  0%| F|  |TAMS 0x0000000784400000, 0x0000000784400000| Untracked 
|  69|0x0000000784500000, 0x0000000784500000, 0x0000000784600000|  0%| F|  |TAMS 0x0000000784500000, 0x0000000784500000| Untracked 
|  70|0x0000000784600000, 0x0000000784600000, 0x0000000784700000|  0%| F|  |TAMS 0x0000000784600000, 0x0000000784600000| Untracked 
|  71|0x0000000784700000, 0x0000000784700000, 0x0000000784800000|  0%| F|  |TAMS 0x0000000784700000, 0x0000000784700000| Untracked 
|  72|0x0000000784800000, 0x0000000784800000, 0x0000000784900000|  0%| F|  |TAMS 0x0000000784800000, 0x0000000784800000| Untracked 
|  73|0x0000000784900000, 0x0000000784900000, 0x0000000784a00000|  0%| F|  |TAMS 0x0000000784900000, 0x0000000784900000| Untracked 
|  74|0x0000000784a00000, 0x0000000784a00000, 0x0000000784b00000|  0%| F|  |TAMS 0x0000000784a00000, 0x0000000784a00000| Untracked 
|  75|0x0000000784b00000, 0x0000000784b00000, 0x0000000784c00000|  0%| F|  |TAMS 0x0000000784b00000, 0x0000000784b00000| Untracked 
|  76|0x0000000784c00000, 0x0000000784c00000, 0x0000000784d00000|  0%| F|  |TAMS 0x0000000784c00000, 0x0000000784c00000| Untracked 
|  77|0x0000000784d00000, 0x0000000784d00000, 0x0000000784e00000|  0%| F|  |TAMS 0x0000000784d00000, 0x0000000784d00000| Untracked 
|  78|0x0000000784e00000, 0x0000000784e00000, 0x0000000784f00000|  0%| F|  |TAMS 0x0000000784e00000, 0x0000000784e00000| Untracked 
|  79|0x0000000784f00000, 0x0000000784f00000, 0x0000000785000000|  0%| F|  |TAMS 0x0000000784f00000, 0x0000000784f00000| Untracked 
|  80|0x0000000785000000, 0x0000000785000000, 0x0000000785100000|  0%| F|  |TAMS 0x0000000785000000, 0x0000000785000000| Untracked 
|  81|0x0000000785100000, 0x0000000785100000, 0x0000000785200000|  0%| F|  |TAMS 0x0000000785100000, 0x0000000785100000| Untracked 
|  82|0x0000000785200000, 0x0000000785200000, 0x0000000785300000|  0%| F|  |TAMS 0x0000000785200000, 0x0000000785200000| Untracked 
|  83|0x0000000785300000, 0x0000000785300000, 0x0000000785400000|  0%| F|  |TAMS 0x0000000785300000, 0x0000000785300000| Untracked 
|  84|0x0000000785400000, 0x0000000785400000, 0x0000000785500000|  0%| F|  |TAMS 0x0000000785400000, 0x0000000785400000| Untracked 
|  85|0x0000000785500000, 0x0000000785500000, 0x0000000785600000|  0%| F|  |TAMS 0x0000000785500000, 0x0000000785500000| Untracked 
|  86|0x0000000785600000, 0x0000000785600000, 0x0000000785700000|  0%| F|  |TAMS 0x0000000785600000, 0x0000000785600000| Untracked 
|  87|0x0000000785700000, 0x0000000785700000, 0x0000000785800000|  0%| F|  |TAMS 0x0000000785700000, 0x0000000785700000| Untracked 
|  88|0x0000000785800000, 0x0000000785800000, 0x0000000785900000|  0%| F|  |TAMS 0x0000000785800000, 0x0000000785800000| Untracked 
|  89|0x0000000785900000, 0x0000000785900000, 0x0000000785a00000|  0%| F|  |TAMS 0x0000000785900000, 0x0000000785900000| Untracked 
|  90|0x0000000785a00000, 0x0000000785a00000, 0x0000000785b00000|  0%| F|  |TAMS 0x0000000785a00000, 0x0000000785a00000| Untracked 
|  91|0x0000000785b00000, 0x0000000785b00000, 0x0000000785c00000|  0%| F|  |TAMS 0x0000000785b00000, 0x0000000785b00000| Untracked 
|  92|0x0000000785c00000, 0x0000000785c00000, 0x0000000785d00000|  0%| F|  |TAMS 0x0000000785c00000, 0x0000000785c00000| Untracked 
|  93|0x0000000785d00000, 0x0000000785d00000, 0x0000000785e00000|  0%| F|  |TAMS 0x0000000785d00000, 0x0000000785d00000| Untracked 
|  94|0x0000000785e00000, 0x0000000785e00000, 0x0000000785f00000|  0%| F|  |TAMS 0x0000000785e00000, 0x0000000785e00000| Untracked 
|  95|0x0000000785f00000, 0x0000000785f00000, 0x0000000786000000|  0%| F|  |TAMS 0x0000000785f00000, 0x0000000785f00000| Untracked 
|  96|0x0000000786000000, 0x0000000786000000, 0x0000000786100000|  0%| F|  |TAMS 0x0000000786000000, 0x0000000786000000| Untracked 
|  97|0x0000000786100000, 0x0000000786100000, 0x0000000786200000|  0%| F|  |TAMS 0x0000000786100000, 0x0000000786100000| Untracked 
|  98|0x0000000786200000, 0x0000000786200000, 0x0000000786300000|  0%| F|  |TAMS 0x0000000786200000, 0x0000000786200000| Untracked 
|  99|0x0000000786300000, 0x0000000786300000, 0x0000000786400000|  0%| F|  |TAMS 0x0000000786300000, 0x0000000786300000| Untracked 
| 100|0x0000000786400000, 0x0000000786400000, 0x0000000786500000|  0%| F|  |TAMS 0x0000000786400000, 0x0000000786400000| Untracked 
| 101|0x0000000786500000, 0x0000000786500000, 0x0000000786600000|  0%| F|  |TAMS 0x0000000786500000, 0x0000000786500000| Untracked 
| 102|0x0000000786600000, 0x0000000786600000, 0x0000000786700000|  0%| F|  |TAMS 0x0000000786600000, 0x0000000786600000| Untracked 
| 103|0x0000000786700000, 0x0000000786700000, 0x0000000786800000|  0%| F|  |TAMS 0x0000000786700000, 0x0000000786700000| Untracked 
| 104|0x0000000786800000, 0x0000000786800000, 0x0000000786900000|  0%| F|  |TAMS 0x0000000786800000, 0x0000000786800000| Untracked 
| 105|0x0000000786900000, 0x0000000786900000, 0x0000000786a00000|  0%| F|  |TAMS 0x0000000786900000, 0x0000000786900000| Untracked 
| 106|0x0000000786a00000, 0x0000000786a00000, 0x0000000786b00000|  0%| F|  |TAMS 0x0000000786a00000, 0x0000000786a00000| Untracked 
| 107|0x0000000786b00000, 0x0000000786b00000, 0x0000000786c00000|  0%| F|  |TAMS 0x0000000786b00000, 0x0000000786b00000| Untracked 
| 108|0x0000000786c00000, 0x0000000786c00000, 0x0000000786d00000|  0%| F|  |TAMS 0x0000000786c00000, 0x0000000786c00000| Untracked 
| 109|0x0000000786d00000, 0x0000000786d00000, 0x0000000786e00000|  0%| F|  |TAMS 0x0000000786d00000, 0x0000000786d00000| Untracked 
| 110|0x0000000786e00000, 0x0000000786e00000, 0x0000000786f00000|  0%| F|  |TAMS 0x0000000786e00000, 0x0000000786e00000| Untracked 
| 111|0x0000000786f00000, 0x0000000786f00000, 0x0000000787000000|  0%| F|  |TAMS 0x0000000786f00000, 0x0000000786f00000| Untracked 
| 112|0x0000000787000000, 0x0000000787000000, 0x0000000787100000|  0%| F|  |TAMS 0x0000000787000000, 0x0000000787000000| Untracked 
| 113|0x0000000787100000, 0x0000000787100000, 0x0000000787200000|  0%| F|  |TAMS 0x0000000787100000, 0x0000000787100000| Untracked 
| 114|0x0000000787200000, 0x0000000787200000, 0x0000000787300000|  0%| F|  |TAMS 0x0000000787200000, 0x0000000787200000| Untracked 
| 115|0x0000000787300000, 0x0000000787300000, 0x0000000787400000|  0%| F|  |TAMS 0x0000000787300000, 0x0000000787300000| Untracked 
| 116|0x0000000787400000, 0x0000000787400000, 0x0000000787500000|  0%| F|  |TAMS 0x0000000787400000, 0x0000000787400000| Untracked 
| 117|0x0000000787500000, 0x0000000787500000, 0x0000000787600000|  0%| F|  |TAMS 0x0000000787500000, 0x0000000787500000| Untracked 
| 118|0x0000000787600000, 0x0000000787600000, 0x0000000787700000|  0%| F|  |TAMS 0x0000000787600000, 0x0000000787600000| Untracked 
| 119|0x0000000787700000, 0x0000000787700000, 0x0000000787800000|  0%| F|  |TAMS 0x0000000787700000, 0x0000000787700000| Untracked 
| 120|0x0000000787800000, 0x0000000787800000, 0x0000000787900000|  0%| F|  |TAMS 0x0000000787800000, 0x0000000787800000| Untracked 
| 121|0x0000000787900000, 0x0000000787900000, 0x0000000787a00000|  0%| F|  |TAMS 0x0000000787900000, 0x0000000787900000| Untracked 
| 122|0x0000000787a00000, 0x0000000787a00000, 0x0000000787b00000|  0%| F|  |TAMS 0x0000000787a00000, 0x0000000787a00000| Untracked 
| 123|0x0000000787b00000, 0x0000000787b00000, 0x0000000787c00000|  0%| F|  |TAMS 0x0000000787b00000, 0x0000000787b00000| Untracked 
| 124|0x0000000787c00000, 0x0000000787c00000, 0x0000000787d00000|  0%| F|  |TAMS 0x0000000787c00000, 0x0000000787c00000| Untracked 
| 125|0x0000000787d00000, 0x0000000787d00000, 0x0000000787e00000|  0%| F|  |TAMS 0x0000000787d00000, 0x0000000787d00000| Untracked 
| 126|0x0000000787e00000, 0x0000000787e7b628, 0x0000000787f00000| 48%| E|  |TAMS 0x0000000787e00000, 0x0000000787e00000| Complete 
| 127|0x0000000787f00000, 0x0000000788000000, 0x0000000788000000|100%| E|CS|TAMS 0x0000000787f00000, 0x0000000787f00000| Complete 

Card table byte_map: [0x0000000127527000,0x0000000127927000] _byte_map_base: 0x0000000123927000

Marking Bits (Prev, Next): (CMBitMap*) 0x00007f94f202f018, (CMBitMap*) 0x00007f94f202f050
 Prev Bits: [0x0000000127d27000, 0x0000000129d27000)
 Next Bits: [0x0000000129d27000, 0x000000012bd27000)

Polling page: 0x0000000100dd3000

Metaspace:

Usage:
  Non-class:      4.01 MB capacity,     3.16 MB ( 79%) used,   864.74 KB ( 21%) free+waste,   192 bytes ( <1%) overhead. 
      Class:    386.00 KB capacity,   312.66 KB ( 81%) used,    73.21 KB ( 19%) free+waste,   128 bytes ( <1%) overhead. 
       Both:      4.38 MB capacity,     3.47 MB ( 79%) used,   937.95 KB ( 21%) free+waste,   320 bytes ( <1%) overhead. 

Virtual space:
  Non-class space:        8.00 MB reserved,       4.25 MB ( 53%) committed 
      Class space:        1.00 GB reserved,     512.00 KB ( <1%) committed 
             Both:        1.01 GB reserved,       4.75 MB ( <1%) committed 

Chunk freelists:
   Non-Class:  0 bytes
       Class:  0 bytes
        Both:  0 bytes

MaxMetaspaceSize: unlimited
CompressedClassSpaceSize: 1.00 GB

CodeHeap 'non-profiled nmethods': size=120032Kb used=18Kb max_used=18Kb free=120013Kb
 bounds [0x000000011fbef000, 0x000000011fe5f000, 0x0000000127127000]
CodeHeap 'profiled nmethods': size=120028Kb used=122Kb max_used=122Kb free=119905Kb
 bounds [0x00000001186b8000, 0x0000000118928000, 0x000000011fbef000]
CodeHeap 'non-nmethods': size=5700Kb used=973Kb max_used=982Kb free=4726Kb
 bounds [0x0000000118127000, 0x0000000118397000, 0x00000001186b8000]
 total_blobs=330 nmethods=93 adapters=151
 compilation: enabled
              stopped_count=0, restarted_count=0
 full_count=0

Compilation events (20 events):
Event: 0.093 Thread 0x00007f94f20ab800   84       1       java.lang.Module::getDescriptor (5 bytes)
Event: 0.093 Thread 0x00007f94f20ab800 nmethod 84 0x000000011fbf3510 code [0x000000011fbf36c0, 0x000000011fbf3770]
Event: 0.094 Thread 0x00007f94f20aa800   85       4       java.util.ImmutableCollections$SetN$SetNIterator::nextIndex (56 bytes)
Event: 0.094 Thread 0x00007f94f20ab800   86       3       java.util.ImmutableCollections$SetN::iterator (9 bytes)
Event: 0.094 Thread 0x00007f94f20ab800 nmethod 86 0x00000001186d3d90 code [0x00000001186d3f40, 0x00000001186d40e0]
Event: 0.094 Thread 0x00007f94f20ab800   87       3       java.util.ImmutableCollections$SetN$SetNIterator::<init> (40 bytes)
Event: 0.094 Thread 0x00007f94f20ab800 nmethod 87 0x00000001186d4190 code [0x00000001186d4360, 0x00000001186d46f0]
Event: 0.095 Thread 0x00007f94f20aa800 nmethod 85 0x000000011fbf3810 code [0x000000011fbf39a0, 0x000000011fbf3a38]
Event: 0.098 Thread 0x00007f94f20ab800   88       3       java.lang.String::hashCode (49 bytes)
Event: 0.099 Thread 0x00007f94f20ab800 nmethod 88 0x00000001186d4890 code [0x00000001186d4a80, 0x00000001186d4e80]
Event: 0.100 Thread 0x00007f94f20ab800   89       3       java.lang.AbstractStringBuilder::ensureCapacityInternal (39 bytes)
Event: 0.100 Thread 0x00007f94f20ab800 nmethod 89 0x00000001186d5010 code [0x00000001186d5200, 0x00000001186d5670]
Event: 0.100 Thread 0x00007f94f20ab800   90       3       java.lang.StringLatin1::canEncode (13 bytes)
Event: 0.100 Thread 0x00007f94f20ab800 nmethod 90 0x00000001186d5810 code [0x00000001186d59c0, 0x00000001186d5af0]
Event: 0.100 Thread 0x00007f94f20ab800   91       3       java.lang.AbstractStringBuilder::isLatin1 (19 bytes)
Event: 0.100 Thread 0x00007f94f20ab800 nmethod 91 0x00000001186d5b90 code [0x00000001186d5d40, 0x00000001186d5eb0]
Event: 0.101 Thread 0x00007f94f20ab800   92       3       java.lang.CharacterDataLatin1::getProperties (11 bytes)
Event: 0.101 Thread 0x00007f94f20ab800 nmethod 92 0x00000001186d5f10 code [0x00000001186d60c0, 0x00000001186d61f0]
Event: 0.104 Thread 0x00007f94f20ab800   93       3       java.lang.StringLatin1::indexOf (61 bytes)
Event: 0.105 Thread 0x00007f94f20ab800 nmethod 93 0x00000001186d6310 code [0x00000001186d64e0, 0x00000001186d6890]

GC Heap History (0 events):
No events

Deoptimization events (4 events):
Event: 0.098 Thread 0x00007f94f200e800 Uncommon trap: trap_request=0xffffff4d fr.pc=0x000000011fbf2a9c relative=0x000000000000017c
Event: 0.098 Thread 0x00007f94f200e800 Uncommon trap: reason=unstable_if action=reinterpret pc=0x000000011fbf2a9c method=java.lang.String.hashCode()I @ 14 c2
Event: 0.098 Thread 0x00007f94f200e800 DEOPT PACKING pc=0x000000011fbf2a9c sp=0x00000003061474d0
Event: 0.098 Thread 0x00007f94f200e800 DEOPT UNPACKING pc=0x000000011814cf9f sp=0x0000000306147488 mode 2

Classes redefined (0 events):
No events

Internal exceptions (0 events):
No events

Events (20 events):
Event: 0.103 loading class java/security/BasicPermissionCollection
Event: 0.103 loading class java/security/BasicPermissionCollection done
Event: 0.104 loading class java/security/AllPermission
Event: 0.104 loading class java/security/AllPermission done
Event: 0.104 loading class java/security/UnresolvedPermission
Event: 0.104 loading class java/security/UnresolvedPermission done
Event: 0.104 loading class java/security/SecureClassLoader$DebugHolder
Event: 0.104 loading class java/security/SecureClassLoader$DebugHolder done
Event: 0.104 loading class sun/security/util/Debug
Event: 0.104 loading class sun/security/util/Debug done
Event: 0.104 loading class java/lang/NamedPackage
Event: 0.104 loading class java/lang/NamedPackage done
Event: 0.105 loading class java/lang/PublicMethods$MethodList
Event: 0.105 loading class java/lang/PublicMethods$MethodList done
Event: 0.105 loading class java/lang/PublicMethods$Key
Event: 0.105 loading class java/lang/PublicMethods$Key done
Event: 0.105 loading class java/lang/Void
Event: 0.105 loading class java/lang/Void done
Event: 0.105 loading class TestThree
Event: 0.105 loading class TestThree done


Dynamic libraries:
0x00007ffdffcdc000 	/Library/Apple/usr/libexec/oah/runtime
0x00007fff35284000 	/System/Library/Frameworks/Cocoa.framework/Versions/A/Cocoa
0x00007fff2212c000 	/System/Library/Frameworks/Security.framework/Versions/A/Security
0x00007fff33481000 	/System/Library/Frameworks/ApplicationServices.framework/Versions/A/ApplicationServices
0x00007fff2a5d2000 	/usr/lib/libz.1.dylib
0x0000000109077000 	/Library/Java/JavaVirtualMachines/adoptopenjdk-11.jdk/Contents/Home/lib/jli/libjli.dylib
0x00007fff2a69e000 	/usr/lib/libSystem.B.dylib
0x00007fff22b53000 	/System/Library/Frameworks/AppKit.framework/Versions/C/AppKit
0x00007fff25a11000 	/System/Library/Frameworks/CoreData.framework/Versions/A/CoreData
0x00007fff2109f000 	/System/Library/Frameworks/Foundation.framework/Versions/C/Foundation
0x00007fff238b6000 	/System/Library/PrivateFrameworks/UIFoundation.framework/Versions/A/UIFoundation
0x00007fff2fe60000 	/System/Library/PrivateFrameworks/RemoteViewServices.framework/Versions/A/RemoteViewServices
0x00007fff28bed000 	/System/Library/PrivateFrameworks/XCTTargetBootstrap.framework/Versions/A/XCTTargetBootstrap
0x00007fff2b93c000 	/usr/lib/libspindump.dylib
0x00007fff23b0b000 	/System/Library/Frameworks/UniformTypeIdentifiers.framework/Versions/A/UniformTypeIdentifiers
0x00007fff273c3000 	/usr/lib/libapp_launch_measurement.dylib
0x00007fff273c6000 	/System/Library/PrivateFrameworks/CoreAutoLayout.framework/Versions/A/CoreAutoLayout
0x00007fff2854f000 	/System/Library/Frameworks/Metal.framework/Versions/A/Metal
0x00007fff29243000 	/usr/lib/liblangid.dylib
0x00007fff28bf1000 	/System/Library/PrivateFrameworks/CoreSVG.framework/Versions/A/CoreSVG
0x00007fff24af2000 	/System/Library/PrivateFrameworks/SkyLight.framework/Versions/A/SkyLight
0x00007fff24e59000 	/System/Library/Frameworks/CoreGraphics.framework/Versions/A/CoreGraphics
0x00007fff304b7000 	/System/Library/Frameworks/Accelerate.framework/Versions/A/Accelerate
0x00007fff2b377000 	/System/Library/PrivateFrameworks/IconServices.framework/Versions/A/IconServices
0x00007fff28534000 	/System/Library/Frameworks/IOSurface.framework/Versions/A/IOSurface
0x00007fff263a3000 	/usr/lib/libDiagnosticMessagesClient.dylib
0x00007fff28bd9000 	/System/Library/PrivateFrameworks/DFRFoundation.framework/Versions/A/DFRFoundation
0x00007fff2247e000 	/usr/lib/libicucore.A.dylib
0x00007fff2ce81000 	/System/Library/Frameworks/AudioToolbox.framework/Versions/A/AudioToolbox
0x00007fff2c126000 	/System/Library/PrivateFrameworks/DataDetectorsCore.framework/Versions/A/DataDetectorsCore
0x00007fff288d9000 	/System/Library/Frameworks/Carbon.framework/Versions/A/Frameworks/HIToolbox.framework/Versions/A/HIToolbox
0x00007fff26e1e000 	/System/Library/Frameworks/QuartzCore.framework/Versions/A/QuartzCore
0x00007fff2fe9c000 	/System/Library/Frameworks/Carbon.framework/Versions/A/Frameworks/SpeechRecognition.framework/Versions/A/SpeechRecognition
0x00007fff2712b000 	/System/Library/PrivateFrameworks/CoreUI.framework/Versions/A/CoreUI
0x00007fff21a87000 	/System/Library/Frameworks/CoreAudio.framework/Versions/A/CoreAudio
0x00007fff2648e000 	/System/Library/Frameworks/DiskArbitration.framework/Versions/A/DiskArbitration
0x00007fff2bd36000 	/System/Library/PrivateFrameworks/MultitouchSupport.framework/Versions/A/MultitouchSupport
0x00007fff2c11d000 	/System/Library/PrivateFrameworks/InternationalSupport.framework/Versions/A/InternationalSupport
0x00007fff24a66000 	/usr/lib/libenergytrace.dylib
0x00007fff22a4c000 	/System/Library/Frameworks/IOKit.framework/Versions/A/IOKit
0x00007fff301e9000 	/System/Library/Frameworks/CoreServices.framework/Versions/A/CoreServices
0x00007fff27359000 	/System/Library/PrivateFrameworks/PerformanceAnalysis.framework/Versions/A/PerformanceAnalysis
0x00007fff6cb5f000 	/System/Library/Frameworks/OpenGL.framework/Versions/A/OpenGL
0x00007fff2c1a2000 	/System/Library/PrivateFrameworks/UserActivity.framework/Versions/A/UserActivity
0x00007fff201dc000 	/usr/lib/libobjc.A.dylib
0x00007fff25513000 	/System/Library/Frameworks/ColorSync.framework/Versions/A/ColorSync
0x00007fff203bd000 	/System/Library/Frameworks/CoreFoundation.framework/Versions/A/CoreFoundation
0x00007fff28e5a000 	/System/Library/Frameworks/CoreImage.framework/Versions/A/CoreImage
0x00007fff2189e000 	/System/Library/Frameworks/CoreText.framework/Versions/A/CoreText
0x00007fff28c1b000 	/System/Library/Frameworks/ImageIO.framework/Versions/A/ImageIO
0x00007fff2a6a4000 	/System/Library/PrivateFrameworks/SoftLinking.framework/Versions/A/SoftLinking
0x00007fff2740f000 	/usr/lib/libxml2.2.dylib
0x00007fff202a2000 	/usr/lib/libc++.1.dylib
0x00007fff2a916000 	/usr/lib/libcompression.dylib
0x00007fff24a67000 	/usr/lib/libMobileGestalt.dylib
0x00007fff2c050000 	/System/Library/PrivateFrameworks/TextureIO.framework/Versions/A/TextureIO
0x00007fff2b004000 	/usr/lib/libate.dylib
0x00007fff2a698000 	/usr/lib/system/libcache.dylib
0x00007fff2a654000 	/usr/lib/system/libcommonCrypto.dylib
0x00007fff2a67e000 	/usr/lib/system/libcompiler_rt.dylib
0x00007fff2a673000 	/usr/lib/system/libcopyfile.dylib
0x00007fff200ca000 	/usr/lib/system/libcorecrypto.dylib
0x00007fff20197000 	/usr/lib/system/libdispatch.dylib
0x00007fff2034c000 	/usr/lib/system/libdyld.dylib
0x00007fff2a68f000 	/usr/lib/system/libkeymgr.dylib
0x00007fff2dc33000 	/usr/lib/system/liblaunch.dylib
0x00007fff2a632000 	/usr/lib/system/libmacho.dylib
0x00007fff29e47000 	/usr/lib/system/libquarantine.dylib
0x00007fff2a68c000 	/usr/lib/system/libremovefile.dylib
0x00007fff24ac3000 	/usr/lib/system/libsystem_asl.dylib
0x00007fff2007a000 	/usr/lib/system/libsystem_blocks.dylib
0x00007fff20219000 	/usr/lib/system/libsystem_c.dylib
0x00007fff2a686000 	/usr/lib/system/libsystem_collections.dylib
0x00007fff29234000 	/usr/lib/system/libsystem_configuration.dylib
0x00007fff28523000 	/usr/lib/system/libsystem_containermanager.dylib
0x00007fff2a3ca000 	/usr/lib/system/libsystem_coreservices.dylib
0x00007fff226e0000 	/usr/lib/system/libsystem_darwin.dylib
0x00007fff2a690000 	/usr/lib/system/libsystem_dnssd.dylib
0x00007fff20216000 	/usr/lib/system/libsystem_featureflags.dylib
0x00007fff20391000 	/usr/lib/system/libsystem_info.dylib
0x00007fff2a5e5000 	/usr/lib/system/libsystem_m.dylib
0x00007fff2016a000 	/usr/lib/system/libsystem_malloc.dylib
0x00007fff24a57000 	/usr/lib/system/libsystem_networkextension.dylib
0x00007fff22afb000 	/usr/lib/system/libsystem_notify.dylib
0x00007fff300e7000 	/usr/lib/system/libsystem_product_info_filter.dylib
0x00007fff29238000 	/usr/lib/system/libsystem_sandbox.dylib
0x00007fff2a689000 	/usr/lib/system/libsystem_secinit.dylib
0x00007fff20311000 	/usr/lib/system/libsystem_kernel.dylib
0x00007fff20387000 	/usr/lib/system/libsystem_platform.dylib
0x00007fff20340000 	/usr/lib/system/libsystem_pthread.dylib
0x00007fff261f1000 	/usr/lib/system/libsystem_symptoms.dylib
0x00007fff200b2000 	/usr/lib/system/libsystem_trace.dylib
0x00007fff2a660000 	/usr/lib/system/libunwind.dylib
0x00007fff2007c000 	/usr/lib/system/libxpc.dylib
0x00007fff202f8000 	/usr/lib/libc++abi.dylib
0x00007fff2a66b000 	/usr/lib/liboah.dylib
0x00007fff2ad2f000 	/usr/lib/liblzma.5.dylib
0x00007fff20db3000 	/System/Library/Frameworks/SystemConfiguration.framework/Versions/A/SystemConfiguration
0x00007fff2a6a0000 	/usr/lib/libfakelink.dylib
0x00007fff245b9000 	/System/Library/Frameworks/CFNetwork.framework/Versions/A/CFNetwork
0x00007fff2a7e0000 	/usr/lib/libarchive.2.dylib
0x00007fff20e31000 	/usr/lib/libCRFSuite.dylib
0x00007fff29e6e000 	/usr/lib/libbsm.0.dylib
0x00007fff23f75000 	/usr/lib/libnetwork.dylib
0x00007fff2a6a5000 	/usr/lib/libpcap.A.dylib
0x00007fff261ea000 	/usr/lib/libdns_services.dylib
0x00007fff2ad48000 	/usr/lib/libcoretls_cfhelpers.dylib
0x00007fff2a8e4000 	/usr/lib/libapple_nghttp2.dylib
0x00007fff2a638000 	/usr/lib/system/libkxld.dylib
0x00007fff25e58000 	/usr/lib/libsqlite3.dylib
0x00007fff2a3ac000 	/System/Library/PrivateFrameworks/AppleFSCompression.framework/Versions/A/AppleFSCompression
0x00007fff29e56000 	/usr/lib/libcoretls.dylib
0x00007fff2a911000 	/usr/lib/libpam.2.dylib
0x00007fff2ae45000 	/usr/lib/libxar.1.dylib
0x00007fff2923f000 	/System/Library/PrivateFrameworks/AppleSystemInfo.framework/Versions/A/AppleSystemInfo
0x00007fff29a99000 	/System/Library/PrivateFrameworks/IOMobileFramebuffer.framework/Versions/A/IOMobileFramebuffer
0x00007fff2a3bc000 	/usr/lib/libbz2.1.0.dylib
0x00007fff2a6dd000 	/usr/lib/libiconv.2.dylib
0x00007fff2a631000 	/usr/lib/libcharset.1.dylib
0x00007fff27395000 	/System/Library/Frameworks/CoreServices.framework/Versions/A/Frameworks/FSEvents.framework/Versions/A/FSEvents
0x00007fff226ea000 	/System/Library/Frameworks/CoreServices.framework/Versions/A/Frameworks/CarbonCore.framework/Versions/A/CarbonCore
0x00007fff263f3000 	/System/Library/Frameworks/CoreServices.framework/Versions/A/Frameworks/Metadata.framework/Versions/A/Metadata
0x00007fff2a3cf000 	/System/Library/Frameworks/CoreServices.framework/Versions/A/Frameworks/OSServices.framework/Versions/A/OSServices
0x00007fff2a852000 	/System/Library/Frameworks/CoreServices.framework/Versions/A/Frameworks/SearchKit.framework/Versions/A/SearchKit
0x00007fff26174000 	/System/Library/Frameworks/CoreServices.framework/Versions/A/Frameworks/AE.framework/Versions/A/AE
0x00007fff20859000 	/System/Library/Frameworks/CoreServices.framework/Versions/A/Frameworks/LaunchServices.framework/Versions/A/LaunchServices
0x00007fff2ace0000 	/System/Library/Frameworks/CoreServices.framework/Versions/A/Frameworks/DictionaryServices.framework/Versions/A/DictionaryServices
0x00007fff2739e000 	/System/Library/Frameworks/CoreServices.framework/Versions/A/Frameworks/SharedFileList.framework/Versions/A/SharedFileList
0x00007fff29e4a000 	/usr/lib/libCheckFix.dylib
0x00007fff24ada000 	/System/Library/PrivateFrameworks/TCC.framework/Versions/A/TCC
0x00007fff29245000 	/System/Library/PrivateFrameworks/CoreNLP.framework/Versions/A/CoreNLP
0x00007fff263a6000 	/System/Library/PrivateFrameworks/MetadataUtilities.framework/Versions/A/MetadataUtilities
0x00007fff20e67000 	/usr/lib/libmecabra.dylib
0x00007fff2a15e000 	/System/Library/Frameworks/MLCompute.framework/Versions/A/MLCompute
0x00007fff29e7f000 	/usr/lib/libmecab.dylib
0x00007fff29ec9000 	/usr/lib/libgermantok.dylib
0x00007fff2a8ba000 	/usr/lib/libThaiTokenizer.dylib
0x00007fff2ae80000 	/usr/lib/libChineseTokenizer.dylib
0x00007fff2a90f000 	/System/Library/Frameworks/MetalPerformanceShaders.framework/Versions/A/MetalPerformanceShaders
0x00007fff26495000 	/System/Library/Frameworks/Accelerate.framework/Versions/A/Frameworks/vImage.framework/Versions/A/vImage
0x00007fff301c2000 	/System/Library/Frameworks/Accelerate.framework/Versions/A/Frameworks/vecLib.framework/Versions/A/vecLib
0x00007fff2ae8b000 	/System/Library/Frameworks/Accelerate.framework/Versions/A/Frameworks/vecLib.framework/Versions/A/libvMisc.dylib
0x00007fff298f5000 	/System/Library/Frameworks/Accelerate.framework/Versions/A/Frameworks/vecLib.framework/Versions/A/libvDSP.dylib
0x00007fff20b5d000 	/System/Library/Frameworks/Accelerate.framework/Versions/A/Frameworks/vecLib.framework/Versions/A/libBLAS.dylib
0x00007fff2a935000 	/System/Library/Frameworks/Accelerate.framework/Versions/A/Frameworks/vecLib.framework/Versions/A/libLAPACK.dylib
0x00007fff29ecf000 	/System/Library/Frameworks/Accelerate.framework/Versions/A/Frameworks/vecLib.framework/Versions/A/libLinearAlgebra.dylib
0x00007fff2a8fc000 	/System/Library/Frameworks/Accelerate.framework/Versions/A/Frameworks/vecLib.framework/Versions/A/libSparseBLAS.dylib
0x00007fff2a92f000 	/System/Library/Frameworks/Accelerate.framework/Versions/A/Frameworks/vecLib.framework/Versions/A/libQuadrature.dylib
0x00007fff292ed000 	/System/Library/Frameworks/Accelerate.framework/Versions/A/Frameworks/vecLib.framework/Versions/A/libBNNS.dylib
0x00007fff20d44000 	/System/Library/Frameworks/Accelerate.framework/Versions/A/Frameworks/vecLib.framework/Versions/A/libSparse.dylib
0x00007fff291d8000 	/System/Library/Frameworks/MetalPerformanceShaders.framework/Versions/A/Frameworks/MPSCore.framework/Versions/A/MPSCore
0x00007fff2a31b000 	/System/Library/Frameworks/MetalPerformanceShaders.framework/Versions/A/Frameworks/MPSImage.framework/Versions/A/MPSImage
0x00007fff29ee6000 	/System/Library/Frameworks/MetalPerformanceShaders.framework/Versions/A/Frameworks/MPSNeuralNetwork.framework/Versions/A/MPSNeuralNetwork
0x00007fff2a2a6000 	/System/Library/Frameworks/MetalPerformanceShaders.framework/Versions/A/Frameworks/MPSMatrix.framework/Versions/A/MPSMatrix
0x00007fff2a10e000 	/System/Library/Frameworks/MetalPerformanceShaders.framework/Versions/A/Frameworks/MPSRayIntersector.framework/Versions/A/MPSRayIntersector
0x00007fff2a2dd000 	/System/Library/Frameworks/MetalPerformanceShaders.framework/Versions/A/Frameworks/MPSNDArray.framework/Versions/A/MPSNDArray
0x00007fff20a89000 	/System/Library/PrivateFrameworks/MetalTools.framework/Versions/A/MetalTools
0x00007fff2923d000 	/System/Library/PrivateFrameworks/AggregateDictionary.framework/Versions/A/AggregateDictionary
0x00007fff2637e000 	/System/Library/PrivateFrameworks/CoreAnalytics.framework/Versions/A/CoreAnalytics
0x00007fff2a8bc000 	/System/Library/PrivateFrameworks/AppleSauce.framework/Versions/A/AppleSauce
0x00007fff28546000 	/System/Library/PrivateFrameworks/IOAccelerator.framework/Versions/A/IOAccelerator
0x00007fff6cb53000 	/System/Library/Frameworks/OpenGL.framework/Versions/A/Libraries/libCoreFSCache.dylib
0x00007fff21403000 	/System/Library/PrivateFrameworks/LanguageModeling.framework/Versions/A/LanguageModeling
0x00007fff29a86000 	/System/Library/PrivateFrameworks/CoreEmoji.framework/Versions/A/CoreEmoji
0x00007fff292e6000 	/System/Library/PrivateFrameworks/LinguisticData.framework/Versions/A/LinguisticData
0x00007fff20cf6000 	/System/Library/PrivateFrameworks/Lexicon.framework/Versions/A/Lexicon
0x00007fff2a7ce000 	/usr/lib/libcmph.dylib
0x00007fff27375000 	/System/Library/Frameworks/OpenDirectory.framework/Versions/A/Frameworks/CFOpenDirectory.framework/Versions/A/CFOpenDirectory
0x00007fff27365000 	/System/Library/Frameworks/OpenDirectory.framework/Versions/A/OpenDirectory
0x00007fff2ad4a000 	/System/Library/PrivateFrameworks/APFS.framework/Versions/A/APFS
0x00007fff29dab000 	/System/Library/Frameworks/SecurityFoundation.framework/Versions/A/SecurityFoundation
0x00007fff2ae53000 	/usr/lib/libutil.dylib
0x00007fff22a11000 	/System/Library/PrivateFrameworks/CoreServicesStore.framework/Versions/A/CoreServicesStore
0x00007fff29e42000 	/System/Library/Frameworks/ServiceManagement.framework/Versions/A/ServiceManagement
0x00007fff2ae57000 	/usr/lib/libxslt.1.dylib
0x00007fff29e38000 	/System/Library/PrivateFrameworks/BackgroundTaskManagement.framework/Versions/A/BackgroundTaskManagement
0x00007fff2bf9b000 	/System/Library/Frameworks/ImageIO.framework/Versions/A/Resources/libRadiance.dylib
0x00007fff2bfa4000 	/System/Library/Frameworks/ImageIO.framework/Versions/A/Resources/libJPEG.dylib
0x00007fff2bef0000 	/System/Library/Frameworks/ImageIO.framework/Versions/A/Resources/libPng.dylib
0x00007fff2bf17000 	/System/Library/Frameworks/ImageIO.framework/Versions/A/Resources/libTIFF.dylib
0x00007fff2bff9000 	/System/Library/Frameworks/ImageIO.framework/Versions/A/Resources/libGIF.dylib
0x00007fff2bc54000 	/System/Library/Frameworks/ImageIO.framework/Versions/A/Resources/libJP2.dylib
0x00007fff2b33e000 	/usr/lib/libexpat.1.dylib
0x00007fff2bc09000 	/System/Library/PrivateFrameworks/AppleJPEG.framework/Versions/A/AppleJPEG
0x00007fff2877c000 	/System/Library/PrivateFrameworks/FontServices.framework/libFontParser.dylib
0x00007fff26128000 	/System/Library/PrivateFrameworks/RunningBoardServices.framework/Versions/A/RunningBoardServices
0x00007fff2bd32000 	/System/Library/PrivateFrameworks/WatchdogClient.framework/Versions/A/WatchdogClient
0x00007fff214f0000 	/System/Library/Frameworks/CoreDisplay.framework/Versions/A/CoreDisplay
0x00007fff28692000 	/System/Library/Frameworks/CoreMedia.framework/Versions/A/CoreMedia
0x00007fff274f2000 	/System/Library/Frameworks/CoreVideo.framework/Versions/A/CoreVideo
0x00007fff2bd6a000 	/System/Library/Frameworks/VideoToolbox.framework/Versions/A/VideoToolbox
0x00007fff260a6000 	/System/Library/PrivateFrameworks/BaseBoard.framework/Versions/A/BaseBoard
0x00007fff2b483000 	/System/Library/PrivateFrameworks/PersistentConnection.framework/Versions/A/PersistentConnection
0x00007fff25e41000 	/System/Library/PrivateFrameworks/ProtocolBuffer.framework/Versions/A/ProtocolBuffer
0x00007fff2608d000 	/System/Library/PrivateFrameworks/CommonUtilities.framework/Versions/A/CommonUtilities
0x00007fff2bb9e000 	/System/Library/PrivateFrameworks/Bom.framework/Versions/A/Bom
0x00007fff2bf94000 	/System/Library/PrivateFrameworks/GPUWrangler.framework/Versions/A/GPUWrangler
0x00007fff2bf77000 	/System/Library/PrivateFrameworks/IOPresentment.framework/Versions/A/IOPresentment
0x00007fff2bf9e000 	/System/Library/PrivateFrameworks/DSExternalDisplay.framework/Versions/A/DSExternalDisplay
0x00007fff2bffe000 	/System/Library/PrivateFrameworks/CMCaptureCore.framework/Versions/A/CMCaptureCore
0x00007fff2b923000 	/System/Library/PrivateFrameworks/AppServerSupport.framework/Versions/A/AppServerSupport
0x00007fff2d9d2000 	/System/Library/PrivateFrameworks/perfdata.framework/Versions/A/perfdata
0x00007fff29d9a000 	/System/Library/PrivateFrameworks/AssertionServices.framework/Versions/A/AssertionServices
0x00007fff21627000 	/System/Library/PrivateFrameworks/AudioToolboxCore.framework/Versions/A/AudioToolboxCore
0x00007fff28675000 	/System/Library/PrivateFrameworks/caulk.framework/Versions/A/caulk
0x00007fff3d67d000 	/System/Library/PrivateFrameworks/SystemPolicy.framework/Versions/A/SystemPolicy
0x00007fff2b133000 	/usr/lib/libIOReport.dylib
0x00007fff2d1f4000 	/usr/lib/libSMC.dylib
0x00007fff2bebd000 	/usr/lib/libAudioToolboxUtility.dylib
0x00007fff3dfe7000 	/usr/lib/libmis.dylib
0x00007fff6cbaf000 	/System/Library/Frameworks/OpenGL.framework/Versions/A/Libraries/libGLU.dylib
0x00007fff6cb72000 	/System/Library/Frameworks/OpenGL.framework/Versions/A/Libraries/libGFXShared.dylib
0x00007fff6cd81000 	/System/Library/Frameworks/OpenGL.framework/Versions/A/Libraries/libGL.dylib
0x00007fff6cb7b000 	/System/Library/Frameworks/OpenGL.framework/Versions/A/Libraries/libGLImage.dylib
0x00007fff6cb6f000 	/System/Library/Frameworks/OpenGL.framework/Versions/A/Libraries/libCVMSPluginSupport.dylib
0x00007fff6cb5a000 	/System/Library/Frameworks/OpenGL.framework/Versions/A/Libraries/libCoreVMClient.dylib
0x00007fff6e1c2000 	/System/Library/Frameworks/OpenCL.framework/Versions/A/OpenCL
0x00007fff2b4ad000 	/System/Library/PrivateFrameworks/GraphVisualizer.framework/Versions/A/GraphVisualizer
0x00007fff2b4bc000 	/System/Library/PrivateFrameworks/FaceCore.framework/Versions/A/FaceCore
0x00007fff2b8d8000 	/System/Library/PrivateFrameworks/OTSVG.framework/Versions/A/OTSVG
0x00007fff270e9000 	/System/Library/Frameworks/ApplicationServices.framework/Versions/A/Frameworks/ATS.framework/Versions/A/Resources/libFontRegistry.dylib
0x00007fff2b92a000 	/System/Library/PrivateFrameworks/FontServices.framework/libhvf.dylib
0x00007fff2b2ea000 	/System/Library/PrivateFrameworks/AppleVA.framework/Versions/A/AppleVA
0x00007fff2d03d000 	/System/Library/Frameworks/ApplicationServices.framework/Versions/A/Frameworks/ATS.framework/Versions/A/ATS
0x00007fff2d34f000 	/System/Library/Frameworks/ApplicationServices.framework/Versions/A/Frameworks/ColorSyncLegacy.framework/Versions/A/ColorSyncLegacy
0x00007fff2560a000 	/System/Library/Frameworks/ApplicationServices.framework/Versions/A/Frameworks/HIServices.framework/Versions/A/HIServices
0x00007fff2d334000 	/System/Library/Frameworks/ApplicationServices.framework/Versions/A/Frameworks/LangAnalysis.framework/Versions/A/LangAnalysis
0x00007fff2c008000 	/System/Library/Frameworks/ApplicationServices.framework/Versions/A/Frameworks/PrintCore.framework/Versions/A/PrintCore
0x00007fff2d357000 	/System/Library/Frameworks/ApplicationServices.framework/Versions/A/Frameworks/QD.framework/Versions/A/QD
0x00007fff2d02d000 	/System/Library/Frameworks/ApplicationServices.framework/Versions/A/Frameworks/SpeechSynthesis.framework/Versions/A/SpeechSynthesis
0x00007fff2bfc9000 	/System/Library/Frameworks/ApplicationServices.framework/Versions/A/Frameworks/ATSUI.framework/Versions/A/ATSUI
0x00007fff2d2d4000 	/usr/lib/libcups.2.dylib
0x00007fff2d344000 	/System/Library/PrivateFrameworks/NetAuth.framework/Versions/A/NetAuth
0x00007fff2d9ee000 	/System/Library/Frameworks/Kerberos.framework/Versions/A/Kerberos
0x00007fff2d9fe000 	/System/Library/Frameworks/GSS.framework/Versions/A/GSS
0x00007fff2d0a9000 	/usr/lib/libresolv.9.dylib
0x00007fff2b93f000 	/System/Library/PrivateFrameworks/Heimdal.framework/Versions/A/Heimdal
0x00007fff33782000 	/System/Library/Frameworks/Kerberos.framework/Versions/A/Libraries/libHeimdalProxy.dylib
0x00007fff261f9000 	/System/Library/Frameworks/Network.framework/Versions/A/Network
0x00007fff2b358000 	/usr/lib/libheimdal-asn1.dylib
0x00007fff2da4e000 	/System/Library/PrivateFrameworks/CommonAuth.framework/Versions/A/CommonAuth
0x00007fff2753f000 	/System/Library/PrivateFrameworks/login.framework/Versions/A/Frameworks/loginsupport.framework/Versions/A/loginsupport
0x00007fff2cfb2000 	/System/Library/PrivateFrameworks/AudioSession.framework/Versions/A/AudioSession
0x00007fff2d01a000 	/usr/lib/libAudioStatistics.dylib
0x00007fff2b3e5000 	/System/Library/PrivateFrameworks/MediaExperience.framework/Versions/A/MediaExperience
0x00007fff2ce4f000 	/System/Library/PrivateFrameworks/AudioSession.framework/libSessionUtility.dylib
0x00007fff2d9df000 	/usr/lib/libperfcheck.dylib
0x00007fff2d363000 	/System/Library/PrivateFrameworks/AudioResourceArbitration.framework/Versions/A/AudioResourceArbitration
0x00007fff2b362000 	/System/Library/PrivateFrameworks/IconFoundation.framework/Versions/A/IconFoundation
0x00007fff2fe8c000 	/System/Library/PrivateFrameworks/SpeechRecognitionCore.framework/Versions/A/SpeechRecognitionCore
0x000000010d800000 	/Library/Java/JavaVirtualMachines/adoptopenjdk-11.jdk/Contents/Home/lib/server/libjvm.dylib
0x00000001090e4000 	/Library/Java/JavaVirtualMachines/adoptopenjdk-11.jdk/Contents/Home/lib/libverify.dylib
0x000000010915e000 	/Library/Java/JavaVirtualMachines/adoptopenjdk-11.jdk/Contents/Home/lib/libjava.dylib
0x00000001091c4000 	/Library/Java/JavaVirtualMachines/adoptopenjdk-11.jdk/Contents/Home/lib/libjimage.dylib
0x000000010921e000 	/Library/Java/JavaVirtualMachines/adoptopenjdk-11.jdk/Contents/Home/lib/libzip.dylib


VM Arguments:
jvm_args: -Dfile.encoding=UTF-8 
java_command: Toptal
java_class_path (initial): /Users/wissamboughannam/Library/Application Support/Code/User/workspaceStorage/8ca8419c7e6fd1e59bd38c636f9764bc/redhat.java/jdt_ws/toptal-test_a58e1a41/bin
Launcher Type: SUN_STANDARD

[Global flags]
     intx CICompilerCount                          = 4                                         {product} {ergonomic}
     uint ConcGCThreads                            = 2                                         {product} {ergonomic}
     uint G1ConcRefinementThreads                  = 8                                         {product} {ergonomic}
   size_t G1HeapRegionSize                         = 1048576                                   {product} {ergonomic}
    uintx GCDrainStackTargetSize                   = 64                                        {product} {ergonomic}
   size_t InitialHeapSize                          = 134217728                                 {product} {ergonomic}
   size_t MarkStackSize                            = 4194304                                   {product} {ergonomic}
   size_t MaxHeapSize                              = 2147483648                                {product} {ergonomic}
   size_t MaxNewSize                               = 1287651328                                {product} {ergonomic}
   size_t MinHeapDeltaBytes                        = 1048576                                   {product} {ergonomic}
    uintx NonNMethodCodeHeapSize                   = 5836300                                {pd product} {ergonomic}
    uintx NonProfiledCodeHeapSize                  = 122910970                              {pd product} {ergonomic}
    uintx ProfiledCodeHeapSize                     = 122910970                              {pd product} {ergonomic}
    uintx ReservedCodeCacheSize                    = 251658240                              {pd product} {ergonomic}
     bool SegmentedCodeCache                       = true                                      {product} {ergonomic}
     bool UseCompressedClassPointers               = true                                 {lp64_product} {ergonomic}
     bool UseCompressedOops                        = true                                 {lp64_product} {ergonomic}
     bool UseG1GC                                  = true                                      {product} {ergonomic}

Logging:
Log output configuration:
 #0: stdout all=warning uptime,level,tags
 #1: stderr all=off uptime,level,tags

Environment Variables:
PATH=/Users/wissamboughannam/.nvm/versions/node/v15.12.0/bin:/Library/Frameworks/Python.framework/Versions/3.9/bin:/usr/local/bin:/usr/bin:/bin:/usr/sbin:/sbin:/Library/Apple/usr/bin:/Users/wissamboughannam/Developer/flutter/bin
SHELL=/bin/zsh
LANG=en_US.UTF-8

Signal Handlers:
SIGSEGV: [libjvm.dylib+0x7b893a], sa_mask[0]=11111111111111111111111111111111, sa_flags=SA_ONSTACK|SA_RESTART|SA_SIGINFO
SIGBUS: [libjvm.dylib+0x7b893a], sa_mask[0]=11111111111111111111111111111111, sa_flags=SA_RESTART|SA_SIGINFO
SIGFPE: [libjvm.dylib+0x7b893a], sa_mask[0]=11111111111111111111111111111111, sa_flags=SA_RESTART|SA_SIGINFO
SIGPIPE: [libjvm.dylib+0x61e7db], sa_mask[0]=11111111111111111111111111111111, sa_flags=SA_RESTART|SA_SIGINFO
SIGXFSZ: [libjvm.dylib+0x61e7db], sa_mask[0]=11111111111111111111111111111111, sa_flags=SA_RESTART|SA_SIGINFO
SIGILL: [libjvm.dylib+0x7b893a], sa_mask[0]=11111111111111111111111111111111, sa_flags=SA_RESTART|SA_SIGINFO
SIGUSR2: [libjvm.dylib+0x61edc3], sa_mask[0]=00000000000000000000000000000000, sa_flags=SA_RESTART|SA_SIGINFO
SIGHUP: [libjvm.dylib+0x61d909], sa_mask[0]=11111111111111111111111111111111, sa_flags=SA_RESTART|SA_SIGINFO
SIGINT: [libjvm.dylib+0x61d909], sa_mask[0]=11111111111111111111111111111111, sa_flags=SA_RESTART|SA_SIGINFO
SIGTERM: [libjvm.dylib+0x61d909], sa_mask[0]=11111111111111111111111111111111, sa_flags=SA_RESTART|SA_SIGINFO
SIGQUIT: [libjvm.dylib+0x61d909], sa_mask[0]=11111111111111111111111111111111, sa_flags=SA_RESTART|SA_SIGINFO


---------------  S Y S T E M  ---------------

OS:uname:Darwin 20.3.0 Darwin Kernel Version 20.3.0: Thu Jan 21 00:06:51 PST 2021; root:xnu-7195.81.3~1/RELEASE_ARM64_T8101 x86_64
OS uptime: 0 days 1:27 hours
rlimit (soft/hard): STACK 8176k/65520k , CORE 0k/infinity , NPROC 1333/2000 , NOFILE 10240/infinity , AS infinity/infinity , CPU infinity/infinity , DATA infinity/infinity , FSIZE infinity/infinity , MEMLOCK infinity/infinity , RSS infinity/infinity
load average:1.32 1.41 1.43

CPU:total 8 (initial active 8) (1 cores per cpu, 1 threads per core) family 6 model 44 stepping 0 microcode 0x0, cmov, cx8, fxsr, mmx, sse, sse2, sse3, ssse3, sse4.1, sse4.2, popcnt, aes, clmul, tsc, tscinvbit, tscinv

Memory: 4k page, physical 8388608k(16988k free), swap 0k(0k free)

vm_info: OpenJDK 64-Bit Server VM (11.0.10+9) for bsd-amd64 JRE (11.0.10+9), built on Jan 20 2021 11:55:30 by "jenkins" with gcc 4.2.1 Compatible Apple LLVM 10.0.1 (clang-1001.0.46.4)

END.
